# JRE version: OpenJDK Runtime Environment (8.0_112-b06) (build 1.8.0_112-release-b06)
# Java VM: OpenJDK 64-Bit Server VM (25.112-b06 mixed mode linux-amd64 compressed oops)
Heap:
 PSYoungGen      total 180736K, used 87100K [0x00000000e0000000, 0x00000000ecc00000, 0x0000000100000000)
  eden space 165888K, 43% used [0x00000000e0000000,0x00000000e468f6b8,0x00000000ea200000)
  from space 14848K, 99% used [0x00000000ea780000,0x00000000eb5ff9b8,0x00000000eb600000)
  to   space 21504K, 0% used [0x00000000eb700000,0x00000000eb700000,0x00000000ecc00000)
 ParOldGen       total 130048K, used 40154K [0x00000000a0000000, 0x00000000a7f00000, 0x00000000e0000000)
  object space 130048K, 30% used [0x00000000a0000000,0x00000000a2736b88,0x00000000a7f00000)
 Metaspace       used 66089K, capacity 68302K, committed 68528K, reserved 1110016K
  class space    used 8367K, capacity 8788K, committed 8880K, reserved 1048576K
GC Heap History (10 events):
Event: 199.589 GC heap before
{Heap before GC invocations=16 (full 3):
 PSYoungGen      total 152576K, used 144267K [0x00000000e0000000, 0x00000000eab00000, 0x0000000100000000)
  eden space 135168K, 100% used [0x00000000e0000000,0x00000000e8400000,0x00000000e8400000)
  from space 17408K, 52% used [0x00000000e9a00000,0x00000000ea2e2cc8,0x00000000eab00000)
  to   space 19968K, 0% used [0x00000000e8400000,0x00000000e8400000,0x00000000e9780000)
 ParOldGen       total 130048K, used 40138K [0x00000000a0000000, 0x00000000a7f00000, 0x00000000e0000000)
  object space 130048K, 30% used [0x00000000a0000000,0x00000000a2732b88,0x00000000a7f00000)
 Metaspace       used 63150K, capacity 64946K, committed 65200K, reserved 1105920K
  class space    used 8229K, capacity 8576K, committed 8624K, reserved 1048576K
Event: 199.746 GC heap after
Heap after GC invocations=16 (full 3):
 PSYoungGen      total 155136K, used 16096K [0x00000000e0000000, 0x00000000ec100000, 0x0000000100000000)
  eden space 135168K, 0% used [0x00000000e0000000,0x00000000e0000000,0x00000000e8400000)
  from space 19968K, 80% used [0x00000000e8400000,0x00000000e93b82c8,0x00000000e9780000)
  to   space 21504K, 0% used [0x00000000eac00000,0x00000000eac00000,0x00000000ec100000)
 ParOldGen       total 130048K, used 40146K [0x00000000a0000000, 0x00000000a7f00000, 0x00000000e0000000)
  object space 130048K, 30% used [0x00000000a0000000,0x00000000a2734b88,0x00000000a7f00000)
 Metaspace       used 63150K, capacity 64946K, committed 65200K, reserved 1105920K
  class space    used 8229K, capacity 8576K, committed 8624K, reserved 1048576K
}
Event: 211.078 GC heap before
{Heap before GC invocations=17 (full 3):
 PSYoungGen      total 155136K, used 151264K [0x00000000e0000000, 0x00000000ec100000, 0x0000000100000000)
  eden space 135168K, 100% used [0x00000000e0000000,0x00000000e8400000,0x00000000e8400000)
  from space 19968K, 80% used [0x00000000e8400000,0x00000000e93b82c8,0x00000000e9780000)
  to   space 21504K, 0% used [0x00000000eac00000,0x00000000eac00000,0x00000000ec100000)
 ParOldGen       total 130048K, used 40146K [0x00000000a0000000, 0x00000000a7f00000, 0x00000000e0000000)
  object space 130048K, 30% used [0x00000000a0000000,0x00000000a2734b88,0x00000000a7f00000)
 Metaspace       used 64304K, capacity 66166K, committed 66352K, reserved 1107968K
  class space    used 8304K, capacity 8666K, committed 8752K, reserved 1048576K
Event: 211.153 GC heap after
Heap after GC invocations=17 (full 3):
 PSYoungGen      total 175104K, used 13914K [0x00000000e0000000, 0x00000000ec080000, 0x0000000100000000)
  eden space 154112K, 0% used [0x00000000e0000000,0x00000000e0000000,0x00000000e9680000)
  from space 20992K, 66% used [0x00000000eac00000,0x00000000eb996970,0x00000000ec080000)
  to   space 21504K, 0% used [0x00000000e9680000,0x00000000e9680000,0x00000000eab80000)
 ParOldGen       total 130048K, used 40154K [0x00000000a0000000, 0x00000000a7f00000, 0x00000000e0000000)
  object space 130048K, 30% used [0x00000000a0000000,0x00000000a2736b88,0x00000000a7f00000)
 Metaspace       used 64304K, capacity 66166K, committed 66352K, reserved 1107968K
  class space    used 8304K, capacity 8666K, committed 8752K, reserved 1048576K
}
Event: 706.571 GC heap before
{Heap before GC invocations=18 (full 3):
 PSYoungGen      total 175104K, used 168026K [0x00000000e0000000, 0x00000000ec080000, 0x0000000100000000)
  eden space 154112K, 100% used [0x00000000e0000000,0x00000000e9680000,0x00000000e9680000)
  from space 20992K, 66% used [0x00000000eac00000,0x00000000eb996970,0x00000000ec080000)
  to   space 21504K, 0% used [0x00000000e9680000,0x00000000e9680000,0x00000000eab80000)
 ParOldGen       total 130048K, used 40154K [0x00000000a0000000, 0x00000000a7f00000, 0x00000000e0000000)
  object space 130048K, 30% used [0x00000000a0000000,0x00000000a2736b88,0x00000000a7f00000)
 Metaspace       used 64671K, capacity 66646K, committed 66864K, reserved 1107968K
  class space    used 8324K, capacity 8688K, committed 8752K, reserved 1048576K
Event: 706.615 GC heap after
Heap after GC invocations=18 (full 3):
 PSYoungGen      total 175616K, used 6853K [0x00000000e0000000, 0x00000000ed000000, 0x0000000100000000)
  eden space 154112K, 0% used [0x00000000e0000000,0x00000000e0000000,0x00000000e9680000)
  from space 21504K, 31% used [0x00000000e9680000,0x00000000e9d316b8,0x00000000eab80000)
  to   space 20992K, 0% used [0x00000000ebb80000,0x00000000ebb80000,0x00000000ed000000)
 ParOldGen       total 130048K, used 40154K [0x00000000a0000000, 0x00000000a7f00000, 0x00000000e0000000)
  object space 130048K, 30% used [0x00000000a0000000,0x00000000a2736b88,0x00000000a7f00000)
 Metaspace       used 64671K, capacity 66646K, committed 66864K, reserved 1107968K
  class space    used 8324K, capacity 8688K, committed 8752K, reserved 1048576K
}
Event: 713.208 GC heap before
{Heap before GC invocations=19 (full 3):
 PSYoungGen      total 175616K, used 160965K [0x00000000e0000000, 0x00000000ed000000, 0x0000000100000000)
  eden space 154112K, 100% used [0x00000000e0000000,0x00000000e9680000,0x00000000e9680000)
  from space 21504K, 31% used [0x00000000e9680000,0x00000000e9d316b8,0x00000000eab80000)
  to   space 20992K, 0% used [0x00000000ebb80000,0x00000000ebb80000,0x00000000ed000000)
 ParOldGen       total 130048K, used 40154K [0x00000000a0000000, 0x00000000a7f00000, 0x00000000e0000000)
  object space 130048K, 30% used [0x00000000a0000000,0x00000000a2736b88,0x00000000a7f00000)
 Metaspace       used 65305K, capacity 67338K, committed 67632K, reserved 1107968K
  class space    used 8334K, capacity 8706K, committed 8752K, reserved 1048576K
Event: 713.319 GC heap after
Heap after GC invocations=19 (full 3):
 PSYoungGen      total 192512K, used 7955K [0x00000000e0000000, 0x00000000ed480000, 0x0000000100000000)
  eden space 171520K, 0% used [0x00000000e0000000,0x00000000e0000000,0x00000000ea780000)
  from space 20992K, 37% used [0x00000000ebb80000,0x00000000ec344f48,0x00000000ed000000)
  to   space 20480K, 0% used [0x00000000ea780000,0x00000000ea780000,0x00000000ebb80000)
 ParOldGen       total 130048K, used 40154K [0x00000000a0000000, 0x00000000a7f00000, 0x00000000e0000000)
  object space 130048K, 30% used [0x00000000a0000000,0x00000000a2736b88,0x00000000a7f00000)
 Metaspace       used 65305K, capacity 67338K, committed 67632K, reserved 1107968K
  class space    used 8334K, capacity 8706K, committed 8752K, reserved 1048576K
}
Event: 2310.943 GC heap before
{Heap before GC invocations=20 (full 3):
 PSYoungGen      total 192512K, used 179475K [0x00000000e0000000, 0x00000000ed480000, 0x0000000100000000)
  eden space 171520K, 100% used [0x00000000e0000000,0x00000000ea780000,0x00000000ea780000)
  from space 20992K, 37% used [0x00000000ebb80000,0x00000000ec344f48,0x00000000ed000000)
  to   space 20480K, 0% used [0x00000000ea780000,0x00000000ea780000,0x00000000ebb80000)
 ParOldGen       total 130048K, used 40154K [0x00000000a0000000, 0x00000000a7f00000, 0x00000000e0000000)
  object space 130048K, 30% used [0x00000000a0000000,0x00000000a2736b88,0x00000000a7f00000)
 Metaspace       used 65851K, capacity 68104K, committed 68272K, reserved 1107968K
  class space    used 8361K, capacity 8777K, committed 8880K, reserved 1048576K
Event: 2311.077 GC heap after
Heap after GC invocations=20 (full 3):
 PSYoungGen      total 180736K, used 14846K [0x00000000e0000000, 0x00000000ecc00000, 0x0000000100000000)
  eden space 165888K, 0% used [0x00000000e0000000,0x00000000e0000000,0x00000000ea200000)
  from space 14848K, 99% used [0x00000000ea780000,0x00000000eb5ff9b8,0x00000000eb600000)
  to   space 21504K, 0% used [0x00000000eb700000,0x00000000eb700000,0x00000000ecc00000)
 ParOldGen       total 130048K, used 40154K [0x00000000a0000000, 0x00000000a7f00000, 0x00000000e0000000)
  object space 130048K, 30% used [0x00000000a0000000,0x00000000a2736b88,0x00000000a7f00000)
 Metaspace       used 65851K, capacity 68104K, committed 68272K, reserved 1107968K
  class space    used 8361K, capacity 8777K, committed 8880K, reserved 1048576K
}

